1@d.com 123 True
123@d.com 123 False
firecat@orangefox.tech root True
firecat@orangefox.tech qwqw False
1@d.com root True
1@d.com root False
1@d.com root True
1@d.com 12 True 2021-11-05
1@d.com 12 True 2021-11-02
1@d.com 12 True 2021-11-04
1@d.com 12 True 2021-11-02
1@d.com 12 True 2021-11-02
1@d.com 12 True 2021-11-02
1@d.com 12 True 2021-11-02
1@d.com 12 True 2021-11-02
1@d.com 12 True 2021-11-02
1@d.com 12 True 2021-11-11
1@d.com 12 True 2021-11-24
1@d.com 12 True 2021-11-01
1@d.com 12 True 2021-11-01
1@d.com 12 True 2018-12-31
1@d.com 12 False 2021-11-01
1@d.com 12 True 2021-11-01
1@d.com `1 True 2021-11-01
1@d.com 12 True 2021-11-02
